Performing C SOURCE FILE Test CMAKE_HAVE_LIBC_PTHREAD failed with the following output:
Change Dir: /home/luca/StudioProjects/NeuralNetworkDemo/app/.cxx/Debug/1k4t4f61/arm64-v8a/CMakeFiles/CMakeTmp

Run Build Command(s):/home/luca/Android/Sdk/cmake/3.22.1/bin/ninja cmTC_25e31 && [1/2] Building C object CMakeFiles/cmTC_25e31.dir/src.c.o
/home/luca/StudioProjects/NeuralNetworkDemo/app/.cxx/Debug/1k4t4f61/arm64-v8a/CMakeFiles/CMakeTmp/src.c:13:3: warning: implicit declaration of function 'pthread_cancel' is invalid in C99 [-Wimplicit-function-declaration]
  pthread_cancel(thread);
  ^
1 warning generated.
[2/2] Linking C executable cmTC_25e31
FAILED: cmTC_25e31 
: && /home/luca/Android/Sdk/ndk/25.1.8937393/toolchains/llvm/prebuilt/linux-x86_64/bin/clang --target=aarch64-none-linux-android33 --sysroot=/home/luca/Android/Sdk/ndk/25.1.8937393/toolchains/llvm/prebuilt/linux-x86_64/sysroot -g -DANDROID -fdata-sections -ffunction-sections -funwind-tables -fstack-protector-strong -no-canonical-prefixes -D_FORTIFY_SOURCE=2 -Wformat -Werror=format-security -static-libstdc++ -Wl,--build-id=sha1 -Wl,--fatal-warnings -Wl,--gc-sections -Wl,--no-undefined -Qunused-arguments -Wl,--gc-sections CMakeFiles/cmTC_25e31.dir/src.c.o -o cmTC_25e31  -latomic -lm && :
ld: error: undefined symbol: pthread_cancel
>>> referenced by src.c:13
>>>               CMakeFiles/cmTC_25e31.dir/src.c.o:(main)
clang: error: linker command failed with exit code 1 (use -v to see invocation)
ninja: build stopped: subcommand failed.


Source file was:
#include <pthread.h>

static void* test_func(void* data)
{
  return data;
}

int main(void)
{
  pthread_t thread;
  pthread_create(&thread, NULL, test_func, NULL);
  pthread_detach(thread);
  pthread_cancel(thread);
  pthread_join(thread, NULL);
  pthread_atfork(NULL, NULL, NULL);
  pthread_exit(NULL);

  return 0;
}

Determining if the function pthread_create exists in the pthreads failed with the following output:
Change Dir: /home/luca/StudioProjects/NeuralNetworkDemo/app/.cxx/Debug/1k4t4f61/arm64-v8a/CMakeFiles/CMakeTmp

Run Build Command(s):/home/luca/Android/Sdk/cmake/3.22.1/bin/ninja cmTC_ff6fb && [1/2] Building C object CMakeFiles/cmTC_ff6fb.dir/CheckFunctionExists.c.o
[2/2] Linking C executable cmTC_ff6fb
FAILED: cmTC_ff6fb 
: && /home/luca/Android/Sdk/ndk/25.1.8937393/toolchains/llvm/prebuilt/linux-x86_64/bin/clang --target=aarch64-none-linux-android33 --sysroot=/home/luca/Android/Sdk/ndk/25.1.8937393/toolchains/llvm/prebuilt/linux-x86_64/sysroot -g -DANDROID -fdata-sections -ffunction-sections -funwind-tables -fstack-protector-strong -no-canonical-prefixes -D_FORTIFY_SOURCE=2 -Wformat -Werror=format-security  -DCHECK_FUNCTION_EXISTS=pthread_create -static-libstdc++ -Wl,--build-id=sha1 -Wl,--fatal-warnings -Wl,--gc-sections -Wl,--no-undefined -Qunused-arguments -Wl,--gc-sections CMakeFiles/cmTC_ff6fb.dir/CheckFunctionExists.c.o -o cmTC_ff6fb  -lpthreads  -latomic -lm && :
ld: error: unable to find library -lpthreads
clang: error: linker command failed with exit code 1 (use -v to see invocation)
ninja: build stopped: subcommand failed.



Determining if the function pthread_create exists in the pthread failed with the following output:
Change Dir: /home/luca/StudioProjects/NeuralNetworkDemo/app/.cxx/Debug/1k4t4f61/arm64-v8a/CMakeFiles/CMakeTmp

Run Build Command(s):/home/luca/Android/Sdk/cmake/3.22.1/bin/ninja cmTC_51d46 && [1/2] Building C object CMakeFiles/cmTC_51d46.dir/CheckFunctionExists.c.o
[2/2] Linking C executable cmTC_51d46
FAILED: cmTC_51d46 
: && /home/luca/Android/Sdk/ndk/25.1.8937393/toolchains/llvm/prebuilt/linux-x86_64/bin/clang --target=aarch64-none-linux-android33 --sysroot=/home/luca/Android/Sdk/ndk/25.1.8937393/toolchains/llvm/prebuilt/linux-x86_64/sysroot -g -DANDROID -fdata-sections -ffunction-sections -funwind-tables -fstack-protector-strong -no-canonical-prefixes -D_FORTIFY_SOURCE=2 -Wformat -Werror=format-security  -DCHECK_FUNCTION_EXISTS=pthread_create -static-libstdc++ -Wl,--build-id=sha1 -Wl,--fatal-warnings -Wl,--gc-sections -Wl,--no-undefined -Qunused-arguments -Wl,--gc-sections CMakeFiles/cmTC_51d46.dir/CheckFunctionExists.c.o -o cmTC_51d46  -lpthread  -latomic -lm && :
ld: error: unable to find library -lpthread
clang: error: linker command failed with exit code 1 (use -v to see invocation)
ninja: build stopped: subcommand failed.



